<?xml version="1.0" encoding="UTF-8"?>
<!-- Generated by org.testng.reporters.JUnitXMLReporter -->
<testsuite hostname="RaviRajani" name="Test" tests="2" failures="2" timestamp="1 May 2016 02:41:30 GMT" time="0.111" errors="0">
  <testcase name="selectinputbox" time="0.031" classname="testng.Groupstest">
    <failure type="java.lang.NullPointerException">
      <![CDATA[java.lang.NullPointerException
	at testng.Groups.selectinputbox(Groups.java:59)
	at testng.Groupstest.selectinputbox(Groupstest.java:25)
... Removed 24 stack frames]]>
    </failure>
  </testcase> <!-- selectinputbox -->
  <testcase name="testCheckBoxes" time="0.019" classname="testng.Groupstest">
    <failure type="java.lang.NullPointerException">
      <![CDATA[java.lang.NullPointerException
	at testng.Groups.testCheckBoxes(Groups.java:48)
	at testng.Groupstest.testCheckBoxes(Groupstest.java:11)
... Removed 24 stack frames]]>
    </failure>
  </testcase> <!-- testCheckBoxes -->
</testsuite> <!-- Test -->
