<?xml version="1.0" encoding="UTF-8"?>
<!-- Generated by org.testng.reporters.JUnitXMLReporter -->
<testsuite hostname="RaviRajani" name="chrometest" tests="5" failures="0" timestamp="31 Jul 2018 17:49:12 GMT" time="0.119" errors="0">
  <testcase name="test1" time="0.017" classname="learningTestNG.ParallelTestExecution"/>
  <testcase name="test2" time="0.01" classname="learningTestNG.ParallelTestExecution"/>
  <testcase name="test3" time="0.007" classname="learningTestNG.ParallelTestExecution"/>
  <testcase name="test4" time="0.025" classname="learningTestNG.ParallelTestExecution1"/>
  <testcase name="test5" time="0.005" classname="learningTestNG.ParallelTestExecution1"/>
</testsuite> <!-- chrometest -->
