<?xml version="1.0" encoding="UTF-8"?>
<!-- Generated by org.testng.reporters.JUnitXMLReporter -->
<testsuite hostname="RaviRajani" name="Parameter Testtwo" tests="4" failures="0" timestamp="24 Jul 2018 20:14:40 GMT" time="0.052" errors="0">
  <testcase name="parameterTesttwo" time="0.005" classname="learningTestNG2.Crossbrowser"/>
  <testcase name="parametertesttwo" time="0.002" classname="learningTestNG2.Crossbrowser"/>
  <testcase name="paramterTestone" time="0.0" classname="learningTestNG2.Crossbrowser">
    <skipped/>
  </testcase> <!-- paramterTestone -->
  <testcase name="prameterTestThree" time="0.0" classname="learningTestNG2.Crossbrowser">
    <skipped/>
  </testcase> <!-- prameterTestThree -->
</testsuite> <!-- Parameter Testtwo -->
