<?xml version="1.0" encoding="UTF-8"?>
<!-- Generated by org.testng.reporters.JUnitXMLReporter -->
<testsuite hostname="HW1247" name="Test" tests="1" failures="1" timestamp="30 Jun 2015 07:13:24 GMT" time="5.356" errors="0">
  <testcase name="execution" time="5.346" classname="com.gmail.scriptsexecution.TestExecution">
    <failure type="java.lang.NullPointerException">
      <![CDATA[java.lang.NullPointerException
	at java.lang.String.replace(String.java:2180)
	at com.relevantcodes.extentreports.Logger.log(Logger.java:65)
	at com.relevantcodes.extentreports.AbstractLog.log(AbstractLog.java:68)
	at com.relevantcodes.extentreports.AbstractLog.log(AbstractLog.java:77)
	at com.relevantcodes.extentreports.ExtentReports.log(ExtentReports.java:168)
	at com.gmail.businessscripts.TestCase.gmailLogin(TestCase.java:26)
	at com.gmail.scriptsexecution.TestExecution.execution(TestExecution.java:14)
... Removed 24 stack frames]]>
    </failure>
  </testcase> <!-- execution -->
</testsuite> <!-- Test -->
